\BOOKMARK [1][-]{section.1}{\376\377\000B\000o\000l\000t\000z\000g\000e\000n}{}% 1
\BOOKMARK [1][-]{section.2}{\376\377\000I\000n\000s\000p\000e\000c\000t\000i\000o\000n}{}% 2
\BOOKMARK [2][-]{subsection.2.1}{\376\377\000O\000v\000e\000r\000v\000i\000e\000w\000\040\000o\000f\000\040\000f\000i\000l\000t\000e\000r\000i\000n\000g\000\040\000b\000e\000h\000a\000v\000i\000o\000r\000\040\000a\000c\000r\000o\000s\000s\000\040\000a\000l\000l\000\040\000t\000a\000r\000g\000e\000t\000s}{section.2}% 3
\BOOKMARK [2][-]{subsection.2.2}{\376\377\000Y\000i\000e\000l\000d\000\040\000a\000n\000d\000\040\000f\000i\000l\000t\000e\000r\000i\000n\000g\000\040\000e\000f\000f\000i\000c\000i\000e\000n\000c\000y}{section.2}% 4
\BOOKMARK [2][-]{subsection.2.3}{\376\377\000B\000i\000n\000d\000i\000n\000g\000\040\000q\000u\000a\000l\000i\000t\000y\000\040\000c\000o\000m\000p\000a\000r\000i\000s\000o\000n}{section.2}% 5
\BOOKMARK [2][-]{subsection.2.4}{\376\377\000S\000t\000r\000u\000c\000t\000u\000r\000a\000l\000\040\000c\000o\000n\000f\000i\000d\000e\000n\000c\000e\000\040\000\050\000P\000A\000E\000\051}{section.2}% 6
\BOOKMARK [2][-]{subsection.2.5}{\376\377\000I\000n\000t\000e\000r\000a\000c\000t\000i\000o\000n\000\040\000p\000r\000o\000f\000i\000l\000e\000\040\000d\000i\000f\000f\000e\000r\000e\000n\000c\000e\000s}{section.2}% 7
\BOOKMARK [2][-]{subsection.2.6}{\376\377\000H\000y\000d\000r\000o\000p\000h\000o\000b\000i\000c\000\040\000a\000n\000d\000\040\000b\000u\000r\000i\000a\000l\000\040\000s\000i\000g\000n\000a\000l}{section.2}% 8
\BOOKMARK [2][-]{subsection.2.7}{\376\377\000D\000i\000v\000e\000r\000s\000i\000t\000y\000\040\000b\000e\000h\000a\000v\000i\000o\000r\000\040\000\050\000i\000m\000p\000o\000r\000t\000a\000n\000t\000\040\000s\000y\000s\000t\000e\000m\000i\000c\000\040\000o\000b\000s\000e\000r\000v\000a\000t\000i\000o\000n\000\051}{section.2}% 9
\BOOKMARK [2][-]{subsection.2.8}{\376\377\000O\000v\000e\000r\000a\000l\000l\000\040\000c\000o\000m\000p\000a\000r\000i\000s\000o\000n\000\040\000a\000c\000r\000o\000s\000s\000\040\000t\000a\000r\000g\000e\000t\000s}{section.2}% 10
\BOOKMARK [2][-]{subsection.2.9}{\376\377\000K\000e\000y\000\040\000t\000a\000k\000e\000a\000w\000a\000y\000s}{section.2}% 11
\BOOKMARK [2][-]{subsection.2.10}{\376\377\000C\000o\000n\000c\000l\000u\000s\000i\000o\000n}{section.2}% 12
\BOOKMARK [1][-]{section.3}{\376\377\000P\000y\000M\000O\000L}{}% 13
\BOOKMARK [2][-]{subsection.3.1}{\376\377\000D\000A\000M\000G\000O}{section.3}% 14
\BOOKMARK [2][-]{subsection.3.2}{\376\377\000M\000o\000r\000p\000h\000i\000n\000e}{section.3}% 15
\BOOKMARK [2][-]{subsection.3.3}{\376\377\000N\000a\000l\000t\000r\000e\000x\000o\000n\000e}{section.3}% 16
\BOOKMARK [2][-]{subsection.3.4}{\376\377\000N\000i\000t\000a\000z\000e\000n\000e}{section.3}% 17
\BOOKMARK [1][-]{section.4}{\376\377\000C\000r\000o\000s\000s\000\040\000D\000o\000c\000k\000i\000n\000g}{}% 18
\BOOKMARK [1][-]{section.5}{\376\377\000E\000S\000M\000\040\000E\000m\000b\000e\000d\000d\000i\000n\000g\000s}{}% 19
\BOOKMARK [1][-]{section.6}{\376\377\000P\000r\000o\000j\000e\000c\000t\000\040\000A\000b\000s\000t\000r\000a\000c\000t}{}% 20
\BOOKMARK [2][-]{subsection.6.1}{\376\377\000K\000n\000o\000w\000l\000e\000d\000g\000e\000\040\000G\000a\000p}{section.6}% 21
\BOOKMARK [2][-]{subsection.6.2}{\376\377\000H\000y\000p\000o\000t\000h\000e\000s\000i\000s}{section.6}% 22
\BOOKMARK [2][-]{subsection.6.3}{\376\377\000D\000a\000t\000a\000\040\000a\000n\000d\000\040\000M\000e\000t\000h\000o\000d\000s}{section.6}% 23
